2026-02-19 01:28:13,196 - INFO - Fetching Data for word: 'apple'......
2026-02-19 01:28:13,966 - INFO - Successfully done
2026-02-19 01:28:40,533 - INFO - Fetching Data for word: 'play'......
2026-02-19 01:28:41,189 - INFO - Successfully done
2026-02-19 01:30:32,177 - INFO - Fetching Data for word: 'dye'......
2026-02-19 01:30:32,946 - INFO - Successfully done
2026-02-19 02:34:29,620 - INFO - Fetching Data for word: 'algorithm'......
2026-02-19 02:34:30,399 - INFO - Successfully done
2026-02-19 02:37:01,925 - INFO - Fetching Data for word: 'investigate'......
2026-02-19 02:37:02,504 - INFO - Successfully done
2026-02-19 02:37:46,804 - INFO - Fetching Data for word: 'turn'......
2026-02-19 02:37:47,496 - INFO - Successfully done
2026-02-23 01:47:07,600 - INFO - Fetching Data for word: 'watch'......
2026-02-23 01:47:08,516 - INFO - Successfully done
2026-02-23 01:59:01,400 - INFO - Fetching Data for word: 'watched'......
2026-02-23 01:59:02,037 - INFO - Successfully done
2026-02-23 02:02:06,434 - INFO - Fetching Data for word: 'instruct'......
2026-02-23 02:02:07,192 - INFO - Successfully done
2026-02-26 08:00:55,606 - INFO - Fetching Data for word: 'corresponding'......
2026-02-26 08:00:56,514 - INFO - Successfully done
2026-03-03 02:25:46,875 - INFO - Fetching Data for word: 'dozen'......
2026-03-03 02:25:47,624 - INFO - Successfully done
2026-03-03 02:31:18,885 - INFO - Fetching Data for word: 'several'......
2026-03-03 02:31:19,430 - INFO - Successfully done
2026-03-03 03:46:57,548 - INFO - Fetching Data for word: 'person'......
2026-03-03 03:46:58,212 - INFO - Successfully done
2026-03-03 13:17:50,150 - INFO - Fetching Data for word: 'yawn'......
2026-03-03 13:17:51,009 - INFO - Successfully done
